-------------------------------------------------------------------------------
Test set: service.ServiceMockTest
-------------------------------------------------------------------------------
Tests run: 3, Failures: 0, Errors: 3, Skipped: 0, Time elapsed: 0.813 s <<< FAILURE! - in service.ServiceMockTest
homeworkShouldBeSaved  Time elapsed: 0.701 s  <<< ERROR!
org.mockito.exceptions.base.MockitoException: 

Mockito cannot mock this class: class repository.StudentXMLRepository.

If you're not sure why you're getting this error, please report to the mailing list.


Java               : 15
JVM vendor name    : Oracle Corporation
JVM vendor version : 15.0.2+7-27
JVM name           : Java HotSpot(TM) 64-Bit Server VM
JVM version        : 15.0.2+7-27
JVM info           : mixed mode, sharing
OS name            : Windows 10
OS version         : 10.0


You are seeing this disclaimer because Mockito is configured to create inlined mocks.
You can learn about inline mocks and their limitations under item #39 of the Mockito class javadoc.

Underlying exception : org.mockito.exceptions.base.MockitoException: Could not modify all classes [class repository.AbstractCRUDRepository, class repository.StudentXMLRepository, class java.lang.Object, class repository.AbstractXMLRepository, interface repository.CRUDRepository]
	at service.ServiceMockTest.init(ServiceMockTest.java:51)
Caused by: org.mockito.exceptions.base.MockitoException: Could not modify all classes [class repository.AbstractCRUDRepository, class repository.StudentXMLRepository, class java.lang.Object, class repository.AbstractXMLRepository, interface repository.CRUDRepository]
	at service.ServiceMockTest.init(ServiceMockTest.java:51)
Caused by: java.lang.IllegalStateException: 

Byte Buddy could not instrument all classes within the mock's type hierarchy

This problem should never occur for javac-compiled classes. This problem has been observed for classes that are:
 - Compiled by older versions of scalac
 - Classes that are part of the Android distribution
	at service.ServiceMockTest.init(ServiceMockTest.java:51)
Caused by: java.lang.IllegalArgumentException: Unsupported class file major version 59
	at service.ServiceMockTest.init(ServiceMockTest.java:51)

shouldExtendDeadlineMultipleTimes  Time elapsed: 0.058 s  <<< ERROR!
org.mockito.exceptions.base.MockitoException: 

Mockito cannot mock this class: class repository.StudentXMLRepository.

If you're not sure why you're getting this error, please report to the mailing list.


Java               : 15
JVM vendor name    : Oracle Corporation
JVM vendor version : 15.0.2+7-27
JVM name           : Java HotSpot(TM) 64-Bit Server VM
JVM version        : 15.0.2+7-27
JVM info           : mixed mode, sharing
OS name            : Windows 10
OS version         : 10.0


You are seeing this disclaimer because Mockito is configured to create inlined mocks.
You can learn about inline mocks and their limitations under item #39 of the Mockito class javadoc.

Underlying exception : org.mockito.exceptions.base.MockitoException: Could not modify all classes [class repository.AbstractCRUDRepository, class repository.StudentXMLRepository, class java.lang.Object, class repository.AbstractXMLRepository, interface repository.CRUDRepository]
	at service.ServiceMockTest.init(ServiceMockTest.java:51)
Caused by: org.mockito.exceptions.base.MockitoException: Could not modify all classes [class repository.AbstractCRUDRepository, class repository.StudentXMLRepository, class java.lang.Object, class repository.AbstractXMLRepository, interface repository.CRUDRepository]
	at service.ServiceMockTest.init(ServiceMockTest.java:51)
Caused by: java.lang.IllegalStateException: 

Byte Buddy could not instrument all classes within the mock's type hierarchy

This problem should never occur for javac-compiled classes. This problem has been observed for classes that are:
 - Compiled by older versions of scalac
 - Classes that are part of the Android distribution
	at service.ServiceMockTest.init(ServiceMockTest.java:51)
Caused by: java.lang.IllegalArgumentException: Unsupported class file major version 59
	at service.ServiceMockTest.init(ServiceMockTest.java:51)

homeworkShouldNotBeDeleted  Time elapsed: 0.038 s  <<< ERROR!
org.mockito.exceptions.base.MockitoException: 

Mockito cannot mock this class: class repository.StudentXMLRepository.

If you're not sure why you're getting this error, please report to the mailing list.


Java               : 15
JVM vendor name    : Oracle Corporation
JVM vendor version : 15.0.2+7-27
JVM name           : Java HotSpot(TM) 64-Bit Server VM
JVM version        : 15.0.2+7-27
JVM info           : mixed mode, sharing
OS name            : Windows 10
OS version         : 10.0


You are seeing this disclaimer because Mockito is configured to create inlined mocks.
You can learn about inline mocks and their limitations under item #39 of the Mockito class javadoc.

Underlying exception : org.mockito.exceptions.base.MockitoException: Could not modify all classes [class repository.AbstractCRUDRepository, class repository.StudentXMLRepository, class java.lang.Object, class repository.AbstractXMLRepository, interface repository.CRUDRepository]
	at service.ServiceMockTest.init(ServiceMockTest.java:51)
Caused by: org.mockito.exceptions.base.MockitoException: Could not modify all classes [class repository.AbstractCRUDRepository, class repository.StudentXMLRepository, class java.lang.Object, class repository.AbstractXMLRepository, interface repository.CRUDRepository]
	at service.ServiceMockTest.init(ServiceMockTest.java:51)
Caused by: java.lang.IllegalStateException: 

Byte Buddy could not instrument all classes within the mock's type hierarchy

This problem should never occur for javac-compiled classes. This problem has been observed for classes that are:
 - Compiled by older versions of scalac
 - Classes that are part of the Android distribution
	at service.ServiceMockTest.init(ServiceMockTest.java:51)
Caused by: java.lang.IllegalArgumentException: Unsupported class file major version 59
	at service.ServiceMockTest.init(ServiceMockTest.java:51)

