-------------------------------------------------------------------------------
Test set: service.ServiceTest
-------------------------------------------------------------------------------
Tests run: 7, Failures: 1, Errors: 0, Skipped: 0, Time elapsed: 0.17 s <<< FAILURE! - in service.ServiceTest
deleteHomework  Time elapsed: 0 s  <<< FAILURE!
org.opentest4j.AssertionFailedError: expected: <1> but was: <0>
	at service.ServiceTest.deleteHomework(ServiceTest.java:62)

