<?xml version="1.0" encoding="UTF-8"?>
<testsuite xmlns:xsi="http://www.w3.org/2001/XMLSchema-instance" xsi:noNamespaceSchemaLocation="https://maven.apache.org/surefire/maven-surefire-plugin/xsd/surefire-test-report.xsd" name="service.ServiceMockTest" time="0.813" tests="3" errors="3" skipped="0" failures="0">
  <properties>
[...]
</properties>
  <testcase name="homeworkShouldBeSaved" classname="service.ServiceMockTest" time="0.701">
    <error message="&#10;Mockito cannot mock this class: class repository.StudentXMLRepository.&#10;&#10;If you&apos;re not sure why you&apos;re getting this error, please report to the mailing list.&#10;&#10;&#10;Java               : 15&#10;JVM vendor name    : Oracle Corporation&#10;JVM vendor version : 15.0.2+7-27&#10;JVM name           : Java HotSpot(TM) 64-Bit Server VM&#10;JVM version        : 15.0.2+7-27&#10;JVM info           : mixed mode, sharing&#10;OS name            : Windows 10&#10;OS version         : 10.0&#10;&#10;&#10;You are seeing this disclaimer because Mockito is configured to create inlined mocks.&#10;You can learn about inline mocks and their limitations under item #39 of the Mockito class javadoc.&#10;&#10;Underlying exception : org.mockito.exceptions.base.MockitoException: Could not modify all classes [class repository.AbstractCRUDRepository, class repository.StudentXMLRepository, class java.lang.Object, class repository.AbstractXMLRepository, interface repository.CRUDRepository]" type="org.mockito.exceptions.base.MockitoException">org.mockito.exceptions.base.MockitoException: 

Mockito cannot mock this class: class repository.StudentXMLRepository.

If you're not sure why you're getting this error, please report to the mailing list.


Java               : 15
JVM vendor name    : Oracle Corporation
JVM vendor version : 15.0.2+7-27
JVM name           : Java HotSpot(TM) 64-Bit Server VM
JVM version        : 15.0.2+7-27
JVM info           : mixed mode, sharing
OS name            : Windows 10
OS version         : 10.0


You are seeing this disclaimer because Mockito is configured to create inlined mocks.
You can learn about inline mocks and their limitations under item #39 of the Mockito class javadoc.

Underlying exception : org.mockito.exceptions.base.MockitoException: Could not modify all classes [class repository.AbstractCRUDRepository, class repository.StudentXMLRepository, class java.lang.Object, class repository.AbstractXMLRepository, interface repository.CRUDRepository]
	at service.ServiceMockTest.init(ServiceMockTest.java:51)
Caused by: org.mockito.exceptions.base.MockitoException: Could not modify all classes [class repository.AbstractCRUDRepository, class repository.StudentXMLRepository, class java.lang.Object, class repository.AbstractXMLRepository, interface repository.CRUDRepository]
	at service.ServiceMockTest.init(ServiceMockTest.java:51)
Caused by: java.lang.IllegalStateException: 

Byte Buddy could not instrument all classes within the mock's type hierarchy

This problem should never occur for javac-compiled classes. This problem has been observed for classes that are:
 - Compiled by older versions of scalac
 - Classes that are part of the Android distribution
	at service.ServiceMockTest.init(ServiceMockTest.java:51)
Caused by: java.lang.IllegalArgumentException: Unsupported class file major version 59
	at service.ServiceMockTest.init(ServiceMockTest.java:51)
</error>
  </testcase>
  <testcase name="shouldExtendDeadlineMultipleTimes" classname="service.ServiceMockTest" time="0.058">
    <error message="&#10;Mockito cannot mock this class: class repository.StudentXMLRepository.&#10;&#10;If you&apos;re not sure why you&apos;re getting this error, please report to the mailing list.&#10;&#10;&#10;Java               : 15&#10;JVM vendor name    : Oracle Corporation&#10;JVM vendor version : 15.0.2+7-27&#10;JVM name           : Java HotSpot(TM) 64-Bit Server VM&#10;JVM version        : 15.0.2+7-27&#10;JVM info           : mixed mode, sharing&#10;OS name            : Windows 10&#10;OS version         : 10.0&#10;&#10;&#10;You are seeing this disclaimer because Mockito is configured to create inlined mocks.&#10;You can learn about inline mocks and their limitations under item #39 of the Mockito class javadoc.&#10;&#10;Underlying exception : org.mockito.exceptions.base.MockitoException: Could not modify all classes [class repository.AbstractCRUDRepository, class repository.StudentXMLRepository, class java.lang.Object, class repository.AbstractXMLRepository, interface repository.CRUDRepository]" type="org.mockito.exceptions.base.MockitoException">org.mockito.exceptions.base.MockitoException: 

Mockito cannot mock this class: class repository.StudentXMLRepository.

If you're not sure why you're getting this error, please report to the mailing list.


Java               : 15
JVM vendor name    : Oracle Corporation
JVM vendor version : 15.0.2+7-27
JVM name           : Java HotSpot(TM) 64-Bit Server VM
JVM version        : 15.0.2+7-27
JVM info           : mixed mode, sharing
OS name            : Windows 10
OS version         : 10.0


You are seeing this disclaimer because Mockito is configured to create inlined mocks.
You can learn about inline mocks and their limitations under item #39 of the Mockito class javadoc.

Underlying exception : org.mockito.exceptions.base.MockitoException: Could not modify all classes [class repository.AbstractCRUDRepository, class repository.StudentXMLRepository, class java.lang.Object, class repository.AbstractXMLRepository, interface repository.CRUDRepository]
	at service.ServiceMockTest.init(ServiceMockTest.java:51)
Caused by: org.mockito.exceptions.base.MockitoException: Could not modify all classes [class repository.AbstractCRUDRepository, class repository.StudentXMLRepository, class java.lang.Object, class repository.AbstractXMLRepository, interface repository.CRUDRepository]
	at service.ServiceMockTest.init(ServiceMockTest.java:51)
Caused by: java.lang.IllegalStateException: 

Byte Buddy could not instrument all classes within the mock's type hierarchy

This problem should never occur for javac-compiled classes. This problem has been observed for classes that are:
 - Compiled by older versions of scalac
 - Classes that are part of the Android distribution
	at service.ServiceMockTest.init(ServiceMockTest.java:51)
Caused by: java.lang.IllegalArgumentException: Unsupported class file major version 59
	at service.ServiceMockTest.init(ServiceMockTest.java:51)
</error>
  </testcase>
  <testcase name="homeworkShouldNotBeDeleted" classname="service.ServiceMockTest" time="0.038">
    <error message="&#10;Mockito cannot mock this class: class repository.StudentXMLRepository.&#10;&#10;If you&apos;re not sure why you&apos;re getting this error, please report to the mailing list.&#10;&#10;&#10;Java               : 15&#10;JVM vendor name    : Oracle Corporation&#10;JVM vendor version : 15.0.2+7-27&#10;JVM name           : Java HotSpot(TM) 64-Bit Server VM&#10;JVM version        : 15.0.2+7-27&#10;JVM info           : mixed mode, sharing&#10;OS name            : Windows 10&#10;OS version         : 10.0&#10;&#10;&#10;You are seeing this disclaimer because Mockito is configured to create inlined mocks.&#10;You can learn about inline mocks and their limitations under item #39 of the Mockito class javadoc.&#10;&#10;Underlying exception : org.mockito.exceptions.base.MockitoException: Could not modify all classes [class repository.AbstractCRUDRepository, class repository.StudentXMLRepository, class java.lang.Object, class repository.AbstractXMLRepository, interface repository.CRUDRepository]" type="org.mockito.exceptions.base.MockitoException">org.mockito.exceptions.base.MockitoException: 

Mockito cannot mock this class: class repository.StudentXMLRepository.

If you're not sure why you're getting this error, please report to the mailing list.


Java               : 15
JVM vendor name    : Oracle Corporation
JVM vendor version : 15.0.2+7-27
JVM name           : Java HotSpot(TM) 64-Bit Server VM
JVM version        : 15.0.2+7-27
JVM info           : mixed mode, sharing
OS name            : Windows 10
OS version         : 10.0


You are seeing this disclaimer because Mockito is configured to create inlined mocks.
You can learn about inline mocks and their limitations under item #39 of the Mockito class javadoc.

Underlying exception : org.mockito.exceptions.base.MockitoException: Could not modify all classes [class repository.AbstractCRUDRepository, class repository.StudentXMLRepository, class java.lang.Object, class repository.AbstractXMLRepository, interface repository.CRUDRepository]
	at service.ServiceMockTest.init(ServiceMockTest.java:51)
Caused by: org.mockito.exceptions.base.MockitoException: Could not modify all classes [class repository.AbstractCRUDRepository, class repository.StudentXMLRepository, class java.lang.Object, class repository.AbstractXMLRepository, interface repository.CRUDRepository]
	at service.ServiceMockTest.init(ServiceMockTest.java:51)
Caused by: java.lang.IllegalStateException: 

Byte Buddy could not instrument all classes within the mock's type hierarchy

This problem should never occur for javac-compiled classes. This problem has been observed for classes that are:
 - Compiled by older versions of scalac
 - Classes that are part of the Android distribution
	at service.ServiceMockTest.init(ServiceMockTest.java:51)
Caused by: java.lang.IllegalArgumentException: Unsupported class file major version 59
	at service.ServiceMockTest.init(ServiceMockTest.java:51)
</error>
  </testcase>
</testsuite>