<?xml version="1.0" encoding="UTF-8"?>
<testsuite xmlns:xsi="http://www.w3.org/2001/XMLSchema-instance" xsi:noNamespaceSchemaLocation="https://maven.apache.org/surefire/maven-surefire-plugin/xsd/surefire-test-report.xsd" name="service.ServiceTest" time="0.17" tests="7" errors="0" skipped="0" failures="1">
  <properties>
[...]
</properties>
  <testcase name="saveHomeworkWithValidData" classname="service.ServiceTest" time="0"/>
  <testcase name="updateHomework" classname="service.ServiceTest" time="0"/>
  <testcase name="extendDeadline{int}[1]" classname="service.ServiceTest" time="0.038"/>
  <testcase name="extendDeadline{int}[2]" classname="service.ServiceTest" time="0"/>
  <testcase name="findAllHomework" classname="service.ServiceTest" time="0"/>
  <testcase name="saveHomeworkWithInvalidData" classname="service.ServiceTest" time="0.069"/>
  <testcase name="deleteHomework" classname="service.ServiceTest" time="0">
    <failure message="expected: &lt;1&gt; but was: &lt;0&gt;" type="org.opentest4j.AssertionFailedError"><![CDATA[org.opentest4j.AssertionFailedError: expected: <1> but was: <0>
	at service.ServiceTest.deleteHomework(ServiceTest.java:62)
]]></failure>
  </testcase>
</testsuite>